<?xml version="1.0" encoding="UTF-8"?>
<robot generator="Robot 6.0.2 (Python 3.9.7 on darwin)" generated="20230410 14:15:48.745" rpa="false" schemaversion="3">
<suite id="s1" name="Login Logout Test" source="/Users/mac/PycharmProjects/OrangeHRM/tests/Login_Logout_Test.robot">
<test id="s1-t1" name="Verify proper error message shows for invalid login credentials" line="18">
<kw name="Start Test Case" library="CommonFunctionality" type="SETUP">
<kw name="Open Browser" library="SeleniumLibrary">
<arg>${orangeHRM}</arg>
<arg>${browser}</arg>
<doc>Opens a new browser instance to the optional ``url``.</doc>
<msg timestamp="20230410 14:15:49.033" level="INFO">Opening browser 'Firefox' to base url 'https://khinhtet-trials77.orangehrmlive.com/auth/seamlessLogin'.</msg>
<msg timestamp="20230410 14:15:49.035" level="INFO">Firefox driver log is always forced to to: /Users/mac/PycharmProjects/OrangeHRM/geckodriver-68.log</msg>
<status status="PASS" starttime="20230410 14:15:49.032" endtime="20230410 14:15:58.140"/>
</kw>
<kw name="Log" library="BuiltIn">
<arg>Open Browsser Successfully</arg>
<doc>Logs the given message with the given level.</doc>
<msg timestamp="20230410 14:15:58.141" level="INFO">Open Browsser Successfully</msg>
<status status="PASS" starttime="20230410 14:15:58.141" endtime="20230410 14:15:58.141"/>
</kw>
<kw name="Maximize Browser Window" library="SeleniumLibrary">
<doc>Maximizes current browser window.</doc>
<status status="PASS" starttime="20230410 14:15:58.142" endtime="20230410 14:15:58.146"/>
</kw>
<kw name="Log" library="BuiltIn">
<arg>Maximize Browser Successfully</arg>
<doc>Logs the given message with the given level.</doc>
<msg timestamp="20230410 14:15:58.146" level="INFO">Maximize Browser Successfully</msg>
<status status="PASS" starttime="20230410 14:15:58.146" endtime="20230410 14:15:58.146"/>
</kw>
<kw name="Title Should Be" library="SeleniumLibrary">
<arg>OrangeHRM</arg>
<doc>Verifies that the current page title equals ``title``.</doc>
<msg timestamp="20230410 14:15:58.150" level="INFO">Page title is 'OrangeHRM'.</msg>
<status status="PASS" starttime="20230410 14:15:58.147" endtime="20230410 14:15:58.150"/>
</kw>
<kw name="Log" library="BuiltIn">
<arg>Correct title shows (OrangeHRM)</arg>
<doc>Logs the given message with the given level.</doc>
<msg timestamp="20230410 14:15:58.150" level="INFO">Correct title shows (OrangeHRM)</msg>
<status status="PASS" starttime="20230410 14:15:58.150" endtime="20230410 14:15:58.150"/>
</kw>
<status status="PASS" starttime="20230410 14:15:49.032" endtime="20230410 14:15:58.151"/>
</kw>
<kw name="Go to Log In Form" library="Login">
<kw name="Get Text" library="SeleniumLibrary">
<var>${Login}</var>
<arg>${login}</arg>
<doc>Returns the text value of the element identified by ``locator``.</doc>
<msg timestamp="20230410 14:15:58.187" level="INFO">${Login} = Login</msg>
<status status="PASS" starttime="20230410 14:15:58.152" endtime="20230410 14:15:58.187"/>
</kw>
<kw name="Log" library="BuiltIn">
<arg>${Login}</arg>
<doc>Logs the given message with the given level.</doc>
<msg timestamp="20230410 14:15:58.187" level="INFO">Login</msg>
<status status="PASS" starttime="20230410 14:15:58.187" endtime="20230410 14:15:58.187"/>
</kw>
<kw name="Should Be Equal" library="BuiltIn">
<arg>${Login}</arg>
<arg>Login</arg>
<doc>Fails if the given objects are unequal.</doc>
<status status="PASS" starttime="20230410 14:15:58.187" endtime="20230410 14:15:58.188"/>
</kw>
<status status="PASS" starttime="20230410 14:15:58.151" endtime="20230410 14:15:58.188"/>
</kw>
<kw name="Enter Username" library="Login">
<arg>KHHK</arg>
<kw name="Click Element" library="SeleniumLibrary">
<arg>${input_username}</arg>
<doc>Click the element identified by ``locator``.</doc>
<msg timestamp="20230410 14:15:58.189" level="INFO">Clicking element 'xpath://*[@id="txtUsername"]'.</msg>
<status status="PASS" starttime="20230410 14:15:58.188" endtime="20230410 14:15:58.424"/>
</kw>
<kw name="Log" library="BuiltIn">
<arg>Clik on Username inbox</arg>
<doc>Logs the given message with the given level.</doc>
<msg timestamp="20230410 14:15:58.425" level="INFO">Clik on Username inbox</msg>
<status status="PASS" starttime="20230410 14:15:58.425" endtime="20230410 14:15:58.425"/>
</kw>
<kw name="Get Element Attribute" library="SeleniumLibrary">
<var>${username_attr}</var>
<arg>${input_username}</arg>
<arg>placeholder</arg>
<doc>Returns the value of ``attribute`` from the element ``locator``.</doc>
<msg timestamp="20230410 14:15:58.455" level="INFO">${username_attr} = Username</msg>
<status status="PASS" starttime="20230410 14:15:58.426" endtime="20230410 14:15:58.455"/>
</kw>
<kw name="Should Be Equal" library="BuiltIn">
<arg>${username_attr}</arg>
<arg>Username</arg>
<doc>Fails if the given objects are unequal.</doc>
<status status="PASS" starttime="20230410 14:15:58.456" endtime="20230410 14:15:58.456"/>
</kw>
<kw name="Input Text" library="SeleniumLibrary">
<arg>${input_username}</arg>
<arg>${username}</arg>
<doc>Types the given ``text`` into the text field identified by ``locator``.</doc>
<msg timestamp="20230410 14:15:58.457" level="INFO">Typing text 'KHHK' into text field 'xpath://*[@id="txtUsername"]'.</msg>
<status status="PASS" starttime="20230410 14:15:58.456" endtime="20230410 14:15:58.506"/>
</kw>
<kw name="Log" library="BuiltIn">
<arg>Enter username successfully</arg>
<doc>Logs the given message with the given level.</doc>
<msg timestamp="20230410 14:15:58.506" level="INFO">Enter username successfully</msg>
<status status="PASS" starttime="20230410 14:15:58.506" endtime="20230410 14:15:58.507"/>
</kw>
<kw name="Sleep" library="BuiltIn">
<arg>3s</arg>
<doc>Pauses the test executed for the given time.</doc>
<msg timestamp="20230410 14:16:01.509" level="INFO">Slept 3 seconds</msg>
<status status="PASS" starttime="20230410 14:15:58.507" endtime="20230410 14:16:01.509"/>
</kw>
<status status="PASS" starttime="20230410 14:15:58.188" endtime="20230410 14:16:01.510"/>
</kw>
<kw name="Enter Password" library="Login">
<arg>${password}</arg>
<kw name="Click Element" library="SeleniumLibrary">
<arg>${input_pw}</arg>
<doc>Click the element identified by ``locator``.</doc>
<msg timestamp="20230410 14:16:01.511" level="INFO">Clicking element 'xpath://*[@id="txtPassword"]'.</msg>
<status status="PASS" starttime="20230410 14:16:01.511" endtime="20230410 14:16:01.748"/>
</kw>
<kw name="Log" library="BuiltIn">
<arg>Click on Password inbox</arg>
<doc>Logs the given message with the given level.</doc>
<msg timestamp="20230410 14:16:01.748" level="INFO">Click on Password inbox</msg>
<status status="PASS" starttime="20230410 14:16:01.748" endtime="20230410 14:16:01.748"/>
</kw>
<kw name="Get Element Attribute" library="SeleniumLibrary">
<var>${pw_attr}</var>
<arg>${input_pw}</arg>
<arg>placeholder</arg>
<doc>Returns the value of ``attribute`` from the element ``locator``.</doc>
<msg timestamp="20230410 14:16:01.769" level="INFO">${pw_attr} = Password</msg>
<status status="PASS" starttime="20230410 14:16:01.749" endtime="20230410 14:16:01.769"/>
</kw>
<kw name="Should Be Equal" library="BuiltIn">
<arg>${pw_attr}</arg>
<arg>Password</arg>
<doc>Fails if the given objects are unequal.</doc>
<status status="PASS" starttime="20230410 14:16:01.769" endtime="20230410 14:16:01.770"/>
</kw>
<kw name="Input Text" library="SeleniumLibrary">
<arg>${input_pw}</arg>
<arg>${password}</arg>
<doc>Types the given ``text`` into the text field identified by ``locator``.</doc>
<msg timestamp="20230410 14:16:01.770" level="INFO">Typing text 'OqKh8@fZY2' into text field 'xpath://*[@id="txtPassword"]'.</msg>
<status status="PASS" starttime="20230410 14:16:01.770" endtime="20230410 14:16:01.815"/>
</kw>
<kw name="Log" library="BuiltIn">
<arg>Enter password successfully</arg>
<doc>Logs the given message with the given level.</doc>
<msg timestamp="20230410 14:16:01.816" level="INFO">Enter password successfully</msg>
<status status="PASS" starttime="20230410 14:16:01.816" endtime="20230410 14:16:01.816"/>
</kw>
<kw name="Sleep" library="BuiltIn">
<arg>3s</arg>
<doc>Pauses the test executed for the given time.</doc>
<msg timestamp="20230410 14:16:04.817" level="INFO">Slept 3 seconds</msg>
<status status="PASS" starttime="20230410 14:16:01.816" endtime="20230410 14:16:04.817"/>
</kw>
<status status="PASS" starttime="20230410 14:16:01.510" endtime="20230410 14:16:04.818"/>
</kw>
<kw name="Click Login Button" library="Login">
<kw name="Get Text" library="SeleniumLibrary">
<var>${Loginbutton}</var>
<arg>${loginbutton}</arg>
<doc>Returns the text value of the element identified by ``locator``.</doc>
<msg timestamp="20230410 14:16:04.839" level="INFO">${Loginbutton} = Login</msg>
<status status="PASS" starttime="20230410 14:16:04.819" endtime="20230410 14:16:04.839"/>
</kw>
<kw name="Log" library="BuiltIn">
<arg>${Loginbutton}</arg>
<doc>Logs the given message with the given level.</doc>
<msg timestamp="20230410 14:16:04.840" level="INFO">Login</msg>
<status status="PASS" starttime="20230410 14:16:04.839" endtime="20230410 14:16:04.840"/>
</kw>
<kw name="Should Be Equal" library="BuiltIn">
<arg>${Loginbutton}</arg>
<arg>Login</arg>
<doc>Fails if the given objects are unequal.</doc>
<status status="PASS" starttime="20230410 14:16:04.840" endtime="20230410 14:16:04.840"/>
</kw>
<kw name="Log" library="BuiltIn">
<arg>Verify login button</arg>
<doc>Logs the given message with the given level.</doc>
<msg timestamp="20230410 14:16:04.841" level="INFO">Verify login button</msg>
<status status="PASS" starttime="20230410 14:16:04.840" endtime="20230410 14:16:04.841"/>
</kw>
<kw name="Click Element" library="SeleniumLibrary">
<arg>${buttonlink}</arg>
<doc>Click the element identified by ``locator``.</doc>
<msg timestamp="20230410 14:16:04.842" level="INFO">Clicking element 'xpath://*[@id="frmLogin"]/div[3]/button/img'.</msg>
<status status="PASS" starttime="20230410 14:16:04.841" endtime="20230410 14:16:09.952"/>
</kw>
<kw name="Log" library="BuiltIn">
<arg>Can click log in successfully</arg>
<doc>Logs the given message with the given level.</doc>
<msg timestamp="20230410 14:16:09.952" level="INFO">Can click log in successfully</msg>
<status status="PASS" starttime="20230410 14:16:09.952" endtime="20230410 14:16:09.952"/>
</kw>
<kw name="Sleep" library="BuiltIn">
<arg>3s</arg>
<doc>Pauses the test executed for the given time.</doc>
<msg timestamp="20230410 14:16:12.953" level="INFO">Slept 3 seconds</msg>
<status status="PASS" starttime="20230410 14:16:09.952" endtime="20230410 14:16:12.954"/>
</kw>
<status status="PASS" starttime="20230410 14:16:04.818" endtime="20230410 14:16:12.954"/>
</kw>
<kw name="Wait Until Element Is Visible" library="SeleniumLibrary">
<arg>${alert}</arg>
<arg>5s</arg>
<doc>Waits until the element ``locator`` is visible.</doc>
<msg timestamp="20230410 14:16:18.022" level="INFO" html="true">&lt;/td&gt;&lt;/tr&gt;&lt;tr&gt;&lt;td colspan="3"&gt;&lt;a href="selenium-screenshot-21.png"&gt;&lt;img src="selenium-screenshot-21.png" width="800px"&gt;&lt;/a&gt;</msg>
<msg timestamp="20230410 14:16:18.022" level="FAIL">Element 'xpath://*[@id="toast-container"]/div/div' not visible after 5 seconds.</msg>
<status status="FAIL" starttime="20230410 14:16:12.954" endtime="20230410 14:16:18.026"/>
</kw>
<kw name="Get Text" library="SeleniumLibrary">
<var>${getalert}</var>
<arg>${alert}</arg>
<doc>Returns the text value of the element identified by ``locator``.</doc>
<status status="NOT RUN" starttime="20230410 14:16:18.026" endtime="20230410 14:16:18.026"/>
</kw>
<kw name="Should Be Equal" library="BuiltIn">
<arg>${getalert}</arg>
<arg>Invalid Credentials</arg>
<doc>Fails if the given objects are unequal.</doc>
<status status="NOT RUN" starttime="20230410 14:16:18.026" endtime="20230410 14:16:18.026"/>
</kw>
<kw name="${path} = Capture page screenshot">
<status status="NOT RUN" starttime="20230410 14:16:18.031" endtime="20230410 14:16:18.031"/>
</kw>
<status status="FAIL" starttime="20230410 14:15:49.031" endtime="20230410 14:16:18.032">Element 'xpath://*[@id="toast-container"]/div/div' not visible after 5 seconds.</status>
</test>
<status status="FAIL" starttime="20230410 14:15:48.747" endtime="20230410 14:16:18.032"/>
</suite>
<statistics>
<total>
<stat pass="0" fail="1" skip="0">All Tests</stat>
</total>
<tag>
</tag>
<suite>
<stat pass="0" fail="1" skip="0" id="s1" name="Login Logout Test">Login Logout Test</stat>
</suite>
</statistics>
<errors>
<msg timestamp="20230410 14:15:49.019" level="ERROR">Error in file '/Users/mac/PycharmProjects/OrangeHRM/tests/Login_Logout_Test.robot' on line 3: Resource file '../commom/CommonFunctionality.robot' does not exist.</msg>
<msg timestamp="20230410 14:15:49.024" level="ERROR">Error in file '/Users/mac/PycharmProjects/OrangeHRM/PageObjects/Login.robot' on line 6: Setting 'Test Setup' is not allowed in resource file.</msg>
<msg timestamp="20230410 14:15:49.024" level="ERROR">Error in file '/Users/mac/PycharmProjects/OrangeHRM/PageObjects/Login.robot' on line 7: Setting 'Test Teardown' is not allowed in resource file.</msg>
</errors>
</robot>
